<?xml version="1.0" encoding="UTF-8"?>
<testrun name="TestLoadStoreFuncLifeCycle" project="Pig" tests="1" started="1" failures="0" errors="1" ignored="0">
  <testsuite name="org.apache.pig.TestLoadStoreFuncLifeCycle" time="19.054">
    <testcase name="testLoadStoreFunc" classname="org.apache.pig.TestLoadStoreFuncLifeCycle" time="19.054">
      <error>org.apache.pig.impl.logicalLayer.FrontendException: ERROR 1000: Error during parsing. &lt;line 1, column 21&gt;  Syntax error, unexpected symbol at or near 'org.apache.pig.TestLoadStoreFuncLifeCycle'
	at org.apache.pig.PigServer$Graph.parseQuery(PigServer.java:1620)
	at org.apache.pig.PigServer$Graph.registerQuery(PigServer.java:1559)
	at org.apache.pig.PigServer.registerQuery(PigServer.java:541)
	at org.apache.pig.PigServer.registerQuery(PigServer.java:554)
	at org.apache.pig.TestLoadStoreFuncLifeCycle.testLoadStoreFunc(TestLoadStoreFuncLifeCycle.java:335)
	at sun.reflect.NativeMethodAccessorImpl.invoke0(Native Method)
	at sun.reflect.NativeMethodAccessorImpl.invoke(NativeMethodAccessorImpl.java:57)
	at sun.reflect.DelegatingMethodAccessorImpl.invoke(DelegatingMethodAccessorImpl.java:43)
	at java.lang.reflect.Method.invoke(Method.java:616)
	at org.junit.runners.model.FrameworkMethod$1.runReflectiveCall(FrameworkMethod.java:44)
	at org.junit.internal.runners.model.ReflectiveCallable.run(ReflectiveCallable.java:15)
	at org.junit.runners.model.FrameworkMethod.invokeExplosively(FrameworkMethod.java:41)
	at org.junit.internal.runners.statements.InvokeMethod.evaluate(InvokeMethod.java:20)
	at org.junit.internal.runners.statements.RunBefores.evaluate(RunBefores.java:28)
	at org.junit.internal.runners.statements.RunAfters.evaluate(RunAfters.java:31)
	at org.junit.runners.BlockJUnit4ClassRunner.runChild(BlockJUnit4ClassRunner.java:73)
	at org.junit.runners.BlockJUnit4ClassRunner.runChild(BlockJUnit4ClassRunner.java:46)
	at org.junit.runners.ParentRunner.runChildren(ParentRunner.java:180)
	at org.junit.runners.ParentRunner.access$000(ParentRunner.java:41)
	at org.junit.runners.ParentRunner$1.evaluate(ParentRunner.java:173)
	at org.junit.internal.runners.statements.RunBefores.evaluate(RunBefores.java:28)
	at org.junit.internal.runners.statements.RunAfters.evaluate(RunAfters.java:31)
	at org.junit.runners.ParentRunner.run(ParentRunner.java:220)
	at org.eclipse.jdt.internal.junit4.runner.JUnit4TestReference.run(JUnit4TestReference.java:50)
	at org.eclipse.jdt.internal.junit.runner.TestExecution.run(TestExecution.java:38)
	at org.eclipse.jdt.internal.junit.runner.RemoteTestRunner.runTests(RemoteTestRunner.java:467)
	at org.eclipse.jdt.internal.junit.runner.RemoteTestRunner.runTests(RemoteTestRunner.java:683)
	at org.eclipse.jdt.internal.junit.runner.RemoteTestRunner.run(RemoteTestRunner.java:390)
	at org.eclipse.jdt.internal.junit.runner.RemoteTestRunner.main(RemoteTestRunner.java:197)
Caused by: Failed to parse: &lt;line 1, column 21&gt;  Syntax error, unexpected symbol at or near 'org.apache.pig.TestLoadStoreFuncLifeCycle'
	at org.apache.pig.parser.QueryParserDriver.parse(QueryParserDriver.java:226)
	at org.apache.pig.parser.QueryParserDriver.parse(QueryParserDriver.java:168)
	at org.apache.pig.PigServer$Graph.parseQuery(PigServer.java:1612)
	... 28 more

</error>
    </testcase>
  </testsuite>
</testrun>
